<?xml version="1.0" encoding="UTF-8"?>
<testng-results ignored="0" total="6" passed="6" failed="0" skipped="0">
  <reporter-output>
  </reporter-output>
  <suite started-at="2024-12-16T22:17:16 IST" name="Suite" finished-at="2024-12-16T22:18:22 IST" duration-ms="66433">
    <groups>
      <group name="cucumber">
        <method signature="AbstractTestNGCucumberTests.runScenario(io.cucumber.testng.PickleWrapper,io.cucumber.testng.FeatureWrapper)[pri:0, instance:Runners.caller_runner@689604d9]" name="runScenario" class="io.cucumber.testng.AbstractTestNGCucumberTests"/>
        <method signature="AbstractTestNGCucumberTests.runScenario(io.cucumber.testng.PickleWrapper,io.cucumber.testng.FeatureWrapper)[pri:0, instance:Runners.receiver_runner@6302bbb1]" name="runScenario" class="io.cucumber.testng.AbstractTestNGCucumberTests"/>
        <method signature="AbstractTestNGCucumberTests.runScenario(io.cucumber.testng.PickleWrapper,io.cucumber.testng.FeatureWrapper)[pri:0, instance:Runners.runner@4afcd809]" name="runScenario" class="io.cucumber.testng.AbstractTestNGCucumberTests"/>
      </group> <!-- cucumber -->
    </groups>
    <test started-at="2024-12-16T22:17:16 IST" name="parallel" finished-at="2024-12-16T22:17:30 IST" duration-ms="13843">
      <class name="Runners.caller_runner">
        <test-method is-config="true" signature="setUpClass(org.testng.ITestContext)[pri:0, instance:Runners.caller_runner@689604d9]" started-at="2024-12-16T22:17:16 IST" name="setUpClass" finished-at="2024-12-16T22:17:16 IST" duration-ms="665" status="PASS">
          <params>
            <param index="0">
              <value>
                <![CDATA[org.testng.TestRunner@7393222f]]>
              </value>
            </param>
          </params>
          <reporter-output>
          </reporter-output>
        </test-method> <!-- setUpClass -->
        <test-method is-config="true" signature="browserlaunchconfiguration(java.lang.String,java.lang.String)[pri:0, instance:Runners.caller_runner@689604d9]" started-at="2024-12-16T22:17:16 IST" name="browserlaunchconfiguration" finished-at="2024-12-16T22:17:18 IST" duration-ms="1764" status="PASS">
          <params>
            <param index="0">
              <value>
                <![CDATA[chrome]]>
              </value>
            </param>
            <param index="1">
              <value>
                <![CDATA[QA]]>
              </value>
            </param>
          </params>
          <reporter-output>
          </reporter-output>
        </test-method> <!-- browserlaunchconfiguration -->
        <test-method signature="runScenario(io.cucumber.testng.PickleWrapper,io.cucumber.testng.FeatureWrapper)[pri:0, instance:Runners.caller_runner@689604d9]" started-at="2024-12-16T22:17:18 IST" name="runScenario" description="Runs Cucumber Scenarios" data-provider="scenarios" finished-at="2024-12-16T22:17:30 IST" duration-ms="11375" status="PASS">
          <params>
            <param index="0">
              <value>
                <![CDATA["Caller : login the application"]]>
              </value>
            </param>
            <param index="1">
              <value>
                <![CDATA["Caller : login the application"]]>
              </value>
            </param>
          </params>
          <reporter-output>
          </reporter-output>
        </test-method> <!-- runScenario -->
        <test-method is-config="true" signature="tearDownClass()[pri:0, instance:Runners.caller_runner@689604d9]" started-at="2024-12-16T22:17:30 IST" name="tearDownClass" finished-at="2024-12-16T22:17:30 IST" duration-ms="12" status="PASS">
          <reporter-output>
          </reporter-output>
        </test-method> <!-- tearDownClass -->
      </class> <!-- Runners.caller_runner -->
      <class name="Runners.receiver_runner">
        <test-method is-config="true" signature="setUpClass(org.testng.ITestContext)[pri:0, instance:Runners.receiver_runner@6302bbb1]" started-at="2024-12-16T22:17:16 IST" name="setUpClass" finished-at="2024-12-16T22:17:16 IST" duration-ms="665" status="PASS">
          <params>
            <param index="0">
              <value>
                <![CDATA[org.testng.TestRunner@7393222f]]>
              </value>
            </param>
          </params>
          <reporter-output>
          </reporter-output>
        </test-method> <!-- setUpClass -->
        <test-method is-config="true" signature="browserlaunchconfiguration(java.lang.String,java.lang.String)[pri:0, instance:Runners.receiver_runner@6302bbb1]" started-at="2024-12-16T22:17:16 IST" name="browserlaunchconfiguration" finished-at="2024-12-16T22:17:18 IST" duration-ms="1749" status="PASS">
          <params>
            <param index="0">
              <value>
                <![CDATA[chrome]]>
              </value>
            </param>
            <param index="1">
              <value>
                <![CDATA[QA]]>
              </value>
            </param>
          </params>
          <reporter-output>
          </reporter-output>
        </test-method> <!-- browserlaunchconfiguration -->
        <test-method signature="runScenario(io.cucumber.testng.PickleWrapper,io.cucumber.testng.FeatureWrapper)[pri:0, instance:Runners.receiver_runner@6302bbb1]" started-at="2024-12-16T22:17:18 IST" name="runScenario" description="Runs Cucumber Scenarios" data-provider="scenarios" finished-at="2024-12-16T22:17:26 IST" duration-ms="7798" status="PASS">
          <params>
            <param index="0">
              <value>
                <![CDATA["Receiver : login the application"]]>
              </value>
            </param>
            <param index="1">
              <value>
                <![CDATA["Receiver : login the application"]]>
              </value>
            </param>
          </params>
          <reporter-output>
          </reporter-output>
        </test-method> <!-- runScenario -->
        <test-method is-config="true" signature="tearDownClass()[pri:0, instance:Runners.receiver_runner@6302bbb1]" started-at="2024-12-16T22:17:26 IST" name="tearDownClass" finished-at="2024-12-16T22:17:26 IST" duration-ms="58" status="PASS">
          <reporter-output>
          </reporter-output>
        </test-method> <!-- tearDownClass -->
      </class> <!-- Runners.receiver_runner -->
    </test> <!-- parallel -->
    <test started-at="2024-12-16T22:17:30 IST" name="testcase" finished-at="2024-12-16T22:18:22 IST" duration-ms="52543">
      <class name="Runners.runner">
        <test-method is-config="true" signature="setUpClass(org.testng.ITestContext)[pri:0, instance:Runners.runner@4afcd809]" started-at="2024-12-16T22:17:30 IST" name="setUpClass" finished-at="2024-12-16T22:17:30 IST" duration-ms="51" status="PASS">
          <params>
            <param index="0">
              <value>
                <![CDATA[org.testng.TestRunner@ae3540e]]>
              </value>
            </param>
          </params>
          <reporter-output>
          </reporter-output>
        </test-method> <!-- setUpClass -->
        <test-method signature="runScenario(io.cucumber.testng.PickleWrapper,io.cucumber.testng.FeatureWrapper)[pri:0, instance:Runners.runner@4afcd809]" started-at="2024-12-16T22:17:30 IST" name="runScenario" description="Runs Cucumber Scenarios" data-provider="scenarios" finished-at="2024-12-16T22:17:48 IST" duration-ms="18637" status="PASS">
          <params>
            <param index="0">
              <value>
                <![CDATA["Caller from call log and attend the call"]]>
              </value>
            </param>
            <param index="1">
              <value>
                <![CDATA["calls feature testing"]]>
              </value>
            </param>
          </params>
          <reporter-output>
          </reporter-output>
        </test-method> <!-- runScenario -->
        <test-method signature="runScenario(io.cucumber.testng.PickleWrapper,io.cucumber.testng.FeatureWrapper)[pri:0, instance:Runners.runner@4afcd809]" started-at="2024-12-16T22:17:48 IST" name="runScenario" description="Runs Cucumber Scenarios" data-provider="scenarios" finished-at="2024-12-16T22:18:22 IST" duration-ms="33799" status="PASS">
          <params>
            <param index="0">
              <value>
                <![CDATA["Caller goes to reconnection and comes back to online in 30 second"]]>
              </value>
            </param>
            <param index="1">
              <value>
                <![CDATA["calls feature testing"]]>
              </value>
            </param>
          </params>
          <reporter-output>
          </reporter-output>
        </test-method> <!-- runScenario -->
        <test-method signature="runScenario(io.cucumber.testng.PickleWrapper,io.cucumber.testng.FeatureWrapper)[pri:0, instance:Runners.runner@4afcd809]" started-at="2024-12-16T22:18:22 IST" name="runScenario" description="Runs Cucumber Scenarios" data-provider="scenarios" finished-at="2024-12-16T22:18:22 IST" duration-ms="12" status="PASS">
          <params>
            <param index="0">
              <value>
                <![CDATA["Receiver goes to reconnection and comes back to online in 30 second"]]>
              </value>
            </param>
            <param index="1">
              <value>
                <![CDATA["calls feature testing"]]>
              </value>
            </param>
          </params>
          <reporter-output>
          </reporter-output>
        </test-method> <!-- runScenario -->
        <test-method signature="runScenario(io.cucumber.testng.PickleWrapper,io.cucumber.testng.FeatureWrapper)[pri:0, instance:Runners.runner@4afcd809]" started-at="2024-12-16T22:18:22 IST" name="runScenario" description="Runs Cucumber Scenarios" data-provider="scenarios" finished-at="2024-12-16T22:18:22 IST" duration-ms="10" status="PASS">
          <params>
            <param index="0">
              <value>
                <![CDATA["Both caller and receiver disconnected when caller disconnected in reconnection timeout"]]>
              </value>
            </param>
            <param index="1">
              <value>
                <![CDATA["calls feature testing"]]>
              </value>
            </param>
          </params>
          <reporter-output>
          </reporter-output>
        </test-method> <!-- runScenario -->
        <test-method is-config="true" signature="tearDownClass()[pri:0, instance:Runners.runner@4afcd809]" started-at="2024-12-16T22:18:22 IST" name="tearDownClass" finished-at="2024-12-16T22:18:22 IST" duration-ms="23" status="PASS">
          <reporter-output>
          </reporter-output>
        </test-method> <!-- tearDownClass -->
      </class> <!-- Runners.runner -->
    </test> <!-- testcase -->
  </suite> <!-- Suite -->
</testng-results>
