<?xml version="1.0" encoding="UTF-8"?>
<testng-results ignored="0" total="6" passed="6" failed="0" skipped="0">
  <reporter-output>
  </reporter-output>
  <suite started-at="2024-12-24T22:26:25 IST" name="Suite" finished-at="2024-12-24T22:27:55 IST" duration-ms="90569">
    <groups>
      <group name="cucumber">
        <method signature="AbstractTestNGCucumberTests.runScenario(io.cucumber.testng.PickleWrapper,io.cucumber.testng.FeatureWrapper)[pri:0, instance:Runners.caller_runner@128d2484]" name="runScenario" class="io.cucumber.testng.AbstractTestNGCucumberTests"/>
        <method signature="AbstractTestNGCucumberTests.runScenario(io.cucumber.testng.PickleWrapper,io.cucumber.testng.FeatureWrapper)[pri:0, instance:Runners.receiver_runner@1aafa419]" name="runScenario" class="io.cucumber.testng.AbstractTestNGCucumberTests"/>
        <method signature="AbstractTestNGCucumberTests.runScenario(io.cucumber.testng.PickleWrapper,io.cucumber.testng.FeatureWrapper)[pri:0, instance:Runners.runner@45752059]" name="runScenario" class="io.cucumber.testng.AbstractTestNGCucumberTests"/>
      </group> <!-- cucumber -->
    </groups>
    <test started-at="2024-12-24T22:26:25 IST" name="parallel" finished-at="2024-12-24T22:27:06 IST" duration-ms="41293">
      <class name="Runners.caller_runner">
        <test-method is-config="true" signature="setUpClass(org.testng.ITestContext)[pri:0, instance:Runners.caller_runner@128d2484]" started-at="2024-12-24T22:26:25 IST" name="setUpClass" finished-at="2024-12-24T22:26:25 IST" duration-ms="580" status="PASS">
          <params>
            <param index="0">
              <value>
                <![CDATA[org.testng.TestRunner@14f9390f]]>
              </value>
            </param>
          </params>
          <reporter-output>
          </reporter-output>
        </test-method> <!-- setUpClass -->
        <test-method is-config="true" signature="browserlaunchconfiguration(java.lang.String,java.lang.String)[pri:0, instance:Runners.caller_runner@128d2484]" started-at="2024-12-24T22:26:25 IST" name="browserlaunchconfiguration" finished-at="2024-12-24T22:26:28 IST" duration-ms="2960" status="PASS">
          <params>
            <param index="0">
              <value>
                <![CDATA[chrome]]>
              </value>
            </param>
            <param index="1">
              <value>
                <![CDATA[qa]]>
              </value>
            </param>
          </params>
          <reporter-output>
          </reporter-output>
        </test-method> <!-- browserlaunchconfiguration -->
        <test-method signature="runScenario(io.cucumber.testng.PickleWrapper,io.cucumber.testng.FeatureWrapper)[pri:0, instance:Runners.caller_runner@128d2484]" started-at="2024-12-24T22:26:28 IST" name="runScenario" description="Runs Cucumber Scenarios" data-provider="scenarios" finished-at="2024-12-24T22:26:36 IST" duration-ms="8046" status="PASS">
          <params>
            <param index="0">
              <value>
                <![CDATA["Caller : login the application"]]>
              </value>
            </param>
            <param index="1">
              <value>
                <![CDATA["Caller : login the application"]]>
              </value>
            </param>
          </params>
          <reporter-output>
          </reporter-output>
        </test-method> <!-- runScenario -->
        <test-method is-config="true" signature="tearDownClass()[pri:0, instance:Runners.caller_runner@128d2484]" started-at="2024-12-24T22:26:36 IST" name="tearDownClass" finished-at="2024-12-24T22:26:37 IST" duration-ms="48" status="PASS">
          <reporter-output>
          </reporter-output>
        </test-method> <!-- tearDownClass -->
      </class> <!-- Runners.caller_runner -->
      <class name="Runners.receiver_runner">
        <test-method is-config="true" signature="setUpClass(org.testng.ITestContext)[pri:0, instance:Runners.receiver_runner@1aafa419]" started-at="2024-12-24T22:26:25 IST" name="setUpClass" finished-at="2024-12-24T22:26:25 IST" duration-ms="580" status="PASS">
          <params>
            <param index="0">
              <value>
                <![CDATA[org.testng.TestRunner@14f9390f]]>
              </value>
            </param>
          </params>
          <reporter-output>
          </reporter-output>
        </test-method> <!-- setUpClass -->
        <test-method is-config="true" signature="browserlaunchconfiguration(java.lang.String,java.lang.String)[pri:0, instance:Runners.receiver_runner@1aafa419]" started-at="2024-12-24T22:26:25 IST" name="browserlaunchconfiguration" finished-at="2024-12-24T22:26:28 IST" duration-ms="2960" status="PASS">
          <params>
            <param index="0">
              <value>
                <![CDATA[chrome]]>
              </value>
            </param>
            <param index="1">
              <value>
                <![CDATA[qa]]>
              </value>
            </param>
          </params>
          <reporter-output>
          </reporter-output>
        </test-method> <!-- browserlaunchconfiguration -->
        <test-method signature="runScenario(io.cucumber.testng.PickleWrapper,io.cucumber.testng.FeatureWrapper)[pri:0, instance:Runners.receiver_runner@1aafa419]" started-at="2024-12-24T22:26:28 IST" name="runScenario" description="Runs Cucumber Scenarios" data-provider="scenarios" finished-at="2024-12-24T22:27:06 IST" duration-ms="37718" status="PASS">
          <params>
            <param index="0">
              <value>
                <![CDATA["Receiver : login the application"]]>
              </value>
            </param>
            <param index="1">
              <value>
                <![CDATA["Receiver : login the application"]]>
              </value>
            </param>
          </params>
          <reporter-output>
          </reporter-output>
        </test-method> <!-- runScenario -->
        <test-method is-config="true" signature="tearDownClass()[pri:0, instance:Runners.receiver_runner@1aafa419]" started-at="2024-12-24T22:27:06 IST" name="tearDownClass" finished-at="2024-12-24T22:27:06 IST" duration-ms="11" status="PASS">
          <reporter-output>
          </reporter-output>
        </test-method> <!-- tearDownClass -->
      </class> <!-- Runners.receiver_runner -->
    </test> <!-- parallel -->
    <test started-at="2024-12-24T22:27:06 IST" name="testcase" finished-at="2024-12-24T22:27:55 IST" duration-ms="49241">
      <class name="Runners.runner">
        <test-method is-config="true" signature="setUpClass(org.testng.ITestContext)[pri:0, instance:Runners.runner@45752059]" started-at="2024-12-24T22:27:06 IST" name="setUpClass" finished-at="2024-12-24T22:27:06 IST" duration-ms="18" status="PASS">
          <params>
            <param index="0">
              <value>
                <![CDATA[org.testng.TestRunner@5965be2d]]>
              </value>
            </param>
          </params>
          <reporter-output>
          </reporter-output>
        </test-method> <!-- setUpClass -->
        <test-method signature="runScenario(io.cucumber.testng.PickleWrapper,io.cucumber.testng.FeatureWrapper)[pri:0, instance:Runners.runner@45752059]" started-at="2024-12-24T22:27:06 IST" name="runScenario" description="Runs Cucumber Scenarios" data-provider="scenarios" finished-at="2024-12-24T22:27:22 IST" duration-ms="15890" status="PASS">
          <params>
            <param index="0">
              <value>
                <![CDATA["Caller from call log and attend the call"]]>
              </value>
            </param>
            <param index="1">
              <value>
                <![CDATA["calls feature testing"]]>
              </value>
            </param>
          </params>
          <reporter-output>
          </reporter-output>
        </test-method> <!-- runScenario -->
        <test-method signature="runScenario(io.cucumber.testng.PickleWrapper,io.cucumber.testng.FeatureWrapper)[pri:0, instance:Runners.runner@45752059]" started-at="2024-12-24T22:27:22 IST" name="runScenario" description="Runs Cucumber Scenarios" data-provider="scenarios" finished-at="2024-12-24T22:27:55 IST" duration-ms="33295" status="PASS">
          <params>
            <param index="0">
              <value>
                <![CDATA["Caller goes to reconnection and comes back to online in 30 second"]]>
              </value>
            </param>
            <param index="1">
              <value>
                <![CDATA["calls feature testing"]]>
              </value>
            </param>
          </params>
          <reporter-output>
          </reporter-output>
        </test-method> <!-- runScenario -->
        <test-method signature="runScenario(io.cucumber.testng.PickleWrapper,io.cucumber.testng.FeatureWrapper)[pri:0, instance:Runners.runner@45752059]" started-at="2024-12-24T22:27:55 IST" name="runScenario" description="Runs Cucumber Scenarios" data-provider="scenarios" finished-at="2024-12-24T22:27:55 IST" duration-ms="10" status="PASS">
          <params>
            <param index="0">
              <value>
                <![CDATA["Receiver goes to reconnection and comes back to online in 30 second"]]>
              </value>
            </param>
            <param index="1">
              <value>
                <![CDATA["calls feature testing"]]>
              </value>
            </param>
          </params>
          <reporter-output>
          </reporter-output>
        </test-method> <!-- runScenario -->
        <test-method signature="runScenario(io.cucumber.testng.PickleWrapper,io.cucumber.testng.FeatureWrapper)[pri:0, instance:Runners.runner@45752059]" started-at="2024-12-24T22:27:55 IST" name="runScenario" description="Runs Cucumber Scenarios" data-provider="scenarios" finished-at="2024-12-24T22:27:55 IST" duration-ms="10" status="PASS">
          <params>
            <param index="0">
              <value>
                <![CDATA["Both caller and receiver disconnected when caller disconnected in reconnection timeout"]]>
              </value>
            </param>
            <param index="1">
              <value>
                <![CDATA["calls feature testing"]]>
              </value>
            </param>
          </params>
          <reporter-output>
          </reporter-output>
        </test-method> <!-- runScenario -->
        <test-method is-config="true" signature="tearDownClass()[pri:0, instance:Runners.runner@45752059]" started-at="2024-12-24T22:27:55 IST" name="tearDownClass" finished-at="2024-12-24T22:27:55 IST" duration-ms="14" status="PASS">
          <reporter-output>
          </reporter-output>
        </test-method> <!-- tearDownClass -->
      </class> <!-- Runners.runner -->
    </test> <!-- testcase -->
  </suite> <!-- Suite -->
</testng-results>
